<?xml version="1.0" encoding="UTF-8"?>
<testsuite name="dvk.api.container.v1.ContainerVer1Test" time="0.217" tests="2" errors="0" skipped="0" failures="0">
  <properties>
    <property name="java.runtime.name" value="Java(TM) SE Runtime Environment"/>
    <property name="sun.boot.library.path" value="C:\Program Files\Java\jdk1.6.0_35\jre\bin"/>
    <property name="java.vm.version" value="20.10-b01"/>
    <property name="java.vm.vendor" value="Sun Microsystems Inc."/>
    <property name="java.vendor.url" value="http://java.sun.com/"/>
    <property name="path.separator" value=";"/>
    <property name="java.vm.name" value="Java HotSpot(TM) 64-Bit Server VM"/>
    <property name="file.encoding.pkg" value="sun.io"/>
    <property name="idea.launcher.port" value="7534"/>
    <property name="user.country" value="EE"/>
    <property name="sun.java.launcher" value="SUN_STANDARD"/>
    <property name="sun.os.patch.level" value="Service Pack 1"/>
    <property name="java.vm.specification.name" value="Java Virtual Machine Specification"/>
    <property name="user.dir" value="C:\Work\Dev\DVK\api\development\trunk"/>
    <property name="java.runtime.version" value="1.6.0_35-b10"/>
    <property name="java.awt.graphicsenv" value="sun.awt.Win32GraphicsEnvironment"/>
    <property name="basedir" value="C:\Work\Dev\DVK\api\development\trunk"/>
    <property name="java.endorsed.dirs" value="C:\Program Files\Java\jdk1.6.0_35\jre\lib\endorsed"/>
    <property name="os.arch" value="amd64"/>
    <property name="java.io.tmpdir" value="C:\Users\hendrik\AppData\Local\Temp\"/>
    <property name="line.separator" value="&#10;"/>
    <property name="java.vm.specification.vendor" value="Sun Microsystems Inc."/>
    <property name="user.variant" value=""/>
    <property name="os.name" value="Windows 7"/>
    <property name="classworlds.conf" value="C:\Work\Technologies\Maven\apache-maven-2.2.1\bin\m2.conf"/>
    <property name="sun.jnu.encoding" value="Cp1257"/>
    <property name="java.library.path" value="C:\Program Files\Java\jdk1.6.0_35\bin;C:\Windows\Sun\Java\bin;C:\Windows\system32;C:\Windows;C:\Work\IDEs\IDEA\IntelliJUltimat 12.0.1\bin\..\.\bin;C:\Windows\SYSTEM32;C:\Windows;C:\Windows\SYSTEM32\WBEM;C:\Windows\SYSTEM32\WINDOWSPOWERSHELL\V1.0\;;C:\ORACLE\PRODUCT\11.1.0\CLIENT_1\BIN;C:\PROGRAM FILES (X86)\ESTONIAN ID CARD;C:\PROGRAM FILES (X86)\INTEL\OPENCL SDK\2.0\BIN\X86;C:\PROGRAM FILES (X86)\INTEL\OPENCL SDK\2.0\BIN\X64;C:\Program Files\WIDCOMM\Bluetooth Software\;C:\Program Files\WIDCOMM\Bluetooth Software\syswow64;C:\Grails\grails-2.1.1\bin;C:\Program Files\Java\jdk1.6.0_35\bin;C:\Program Files (x86)\giter8\;C:\Program Files (x86)\scala\bin;C:\Program Files (x86)\Common Files\Adobe\AGL;C:\Program Files\TortoiseHg\;C:\Work\Technologies\Play2\play-2.2.0;C:\Work\Technologies\sbt\sbt-0.13.0\bin;C:\Work\Technologies\Maven\apache-maven-2.2.1\bin;C:\Work\Technologies\ant\apache-ant-1.9.3\bin;C:\Program Files (x86)\Estonian ID Card\;C:\Program Files (x86)\Mozilla Firefox;C:\PROGRAM FILES (X86)\ESTONIAN ID CARD\;C:\Windows\SYSTEM32;C:\Windows;C:\Windows\SYSTEM32\WBEM;C:\Windows\SYSTEM32\WINDOWSPOWERSHELL\V1.0\;C:\ORACLE\PRODUCT\11.1.0\CLIENT_1\BIN;C:\PROGRAM FILES (X86)\ESTONIAN ID CARD;C:\PROGRAM FILES (X86)\INTEL\OPENCL SDK\2.0\BIN\X86;C:\PROGRAM FILES (X86)\INTEL\OPENCL SDK\2.0\BIN\X64;C:\Program Files\WIDCOMM\Bluetooth Software\;C:\Program Files\WIDCOMM\Bluetooth Software\syswow64;C:\Grails\grails-2.1.1\bin;c:\program files\java\jdk1.7.0_21\jre\bin;."/>
    <property name="surefire.test.class.path" value="C:\Work\Dev\DVK\api\development\trunk\target\test-classes;C:\Work\Dev\DVK\api\development\trunk\target\classes;C:\Work\Dev\DVK\api\development\trunk\lib\antlr-2.7.6.jar;C:\Work\Dev\DVK\api\development\trunk\lib\asm.jar;C:\Work\Dev\DVK\api\development\trunk\lib\asm-attrs.jar;C:\Work\Dev\DVK\api\development\trunk\lib\c3p0-0.9.0.jar;C:\Work\Dev\DVK\api\development\trunk\lib\castor-1.3.1.jar;C:\Work\Dev\DVK\api\development\trunk\lib\castor-1.3.1-core.jar;C:\Work\Dev\DVK\api\development\trunk\lib\castor-1.3.1-xml.jar;C:\Work\Dev\DVK\api\development\trunk\lib\cglib-2.1.3.jar;C:\Work\Dev\DVK\api\development\trunk\lib\commons-collections-3.1.jar;C:\Work\Dev\DVK\api\development\trunk\lib\commons-logging-1.0.4.jar;C:\Work\Dev\DVK\api\development\trunk\lib\dom4j-1.6.1.jar;C:\Work\Dev\DVK\api\development\trunk\lib\hibernate3.jar;C:\Work\Dev\DVK\api\development\trunk\lib\hsqldb.jar;C:\Work\Dev\DVK\api\development\trunk\lib\javassist-3.9.0.GA.jar;C:\Work\Dev\DVK\api\development\trunk\lib\jta-1.1.jar;C:\Work\Dev\DVK\api\development\trunk\lib\log4j-1.2.13.jar;C:\Work\Dev\DVK\api\development\trunk\lib\ojdbc14.jar;C:\Work\Dev\DVK\api\development\trunk\lib\simple-jndi-0.11.4.1.jar;C:\Work\Dev\DVK\api\development\trunk\lib\slf4j-api-1.5.10.jar;C:\Work\Dev\DVK\api\development\trunk\lib\slf4j-log4j12-1.5.10.jar;C:\Work\Dev\DVK\api\development\trunk\lib\velocity-dep-1.5.jar;C:\Work\Dev\DVK\api\development\trunk\lib\xercesImpl.jar;C:\Work\Dev\DVK\api\development\trunk\lib\xercesSamples.jar;C:\Work\Dev\DVK\api\development\trunk\lib\xml-apis.jar;C:\Users\hendrik\.m2\repository\junit\junit\4.10\junit-4.10.jar;C:\Users\hendrik\.m2\repository\org\hamcrest\hamcrest-core\1.1\hamcrest-core-1.1.jar;"/>
    <property name="java.specification.name" value="Java Platform API Specification"/>
    <property name="java.class.version" value="50.0"/>
    <property name="sun.management.compiler" value="HotSpot 64-Bit Tiered Compilers"/>
    <property name="os.version" value="6.1"/>
    <property name="user.home" value="C:\Users\hendrik"/>
    <property name="user.timezone" value="Europe/Helsinki"/>
    <property name="java.awt.printerjob" value="sun.awt.windows.WPrinterJob"/>
    <property name="java.specification.version" value="1.6"/>
    <property name="file.encoding" value="UTF-8"/>
    <property name="idea.launcher.bin.path" value="C:\Work\IDEs\IDEA\IntelliJUltimat 12.0.1\bin"/>
    <property name="user.name" value="hendrik"/>
    <property name="java.class.path" value="C:\Work\Technologies\Maven\apache-maven-2.2.1\boot\classworlds-1.1.jar;C:\Work\IDEs\IDEA\IntelliJUltimat 12.0.1\lib\idea_rt.jar"/>
    <property name="java.vm.specification.version" value="1.0"/>
    <property name="sun.arch.data.model" value="64"/>
    <property name="java.home" value="C:\Program Files\Java\jdk1.6.0_35\jre"/>
    <property name="sun.java.command" value="com.intellij.rt.execution.application.AppMain org.codehaus.classworlds.Launcher --no-plugin-registry --fail-fast --strict-checksums --update-snapshots integration-test"/>
    <property name="java.specification.vendor" value="Sun Microsystems Inc."/>
    <property name="user.language" value="et"/>
    <property name="awt.toolkit" value="sun.awt.windows.WToolkit"/>
    <property name="java.vm.info" value="mixed mode"/>
    <property name="java.version" value="1.6.0_35"/>
    <property name="java.ext.dirs" value="C:\Program Files\Java\jdk1.6.0_35\jre\lib\ext;C:\Windows\Sun\Java\lib\ext"/>
    <property name="sun.boot.class.path" value="C:\Program Files\Java\jdk1.6.0_35\jre\lib\resources.jar;C:\Program Files\Java\jdk1.6.0_35\jre\lib\rt.jar;C:\Program Files\Java\jdk1.6.0_35\jre\lib\sunrsasign.jar;C:\Program Files\Java\jdk1.6.0_35\jre\lib\jsse.jar;C:\Program Files\Java\jdk1.6.0_35\jre\lib\jce.jar;C:\Program Files\Java\jdk1.6.0_35\jre\lib\charsets.jar;C:\Program Files\Java\jdk1.6.0_35\jre\lib\modules\jdk.boot.jar;C:\Program Files\Java\jdk1.6.0_35\jre\classes"/>
    <property name="java.vendor" value="Sun Microsystems Inc."/>
    <property name="maven.home" value="C:\Work\Technologies\Maven\apache-maven-2.2.1"/>
    <property name="localRepository" value="C:\Users\hendrik\.m2\repository"/>
    <property name="file.separator" value="\"/>
    <property name="java.vendor.url.bug" value="http://java.sun.com/cgi-bin/bugreport.cgi"/>
    <property name="sun.cpu.endian" value="little"/>
    <property name="sun.io.unicode.encoding" value="UnicodeLittle"/>
    <property name="sun.desktop" value="windows"/>
    <property name="sun.cpu.isalist" value="amd64"/>
  </properties>
  <testcase name="testMarshalling" classname="dvk.api.container.v1.ContainerVer1Test" time="0.093"/>
  <testcase name="testParse" classname="dvk.api.container.v1.ContainerVer1Test" time="0.124"/>
</testsuite>